# Logfile created on Mon Nov 14 22:02:38 +0100 2011 by logger.rb/1.2.6
REQUESTING PAGE: GET / with {} and HTTP headers {}
REQUESTING PAGE: GET //about with {} and HTTP headers {"HTTP_REFERER"=>"/"}
REQUESTING PAGE: GET / with {} and HTTP headers {}
REQUESTING PAGE: GET //about with {} and HTTP headers {"HTTP_REFERER"=>"/"}
REQUESTING PAGE: GET / with {} and HTTP headers {}
REQUESTING PAGE: GET //about with {} and HTTP headers {"HTTP_REFERER"=>"/"}
REQUESTING PAGE: GET / with {} and HTTP headers {}
REQUESTING PAGE: GET //about with {} and HTTP headers {"HTTP_REFERER"=>"/"}
REQUESTING PAGE: GET / with {} and HTTP headers {}
REQUESTING PAGE: GET //root with {} and HTTP headers {"HTTP_REFERER"=>"/"}
REQUESTING PAGE: GET //root/about with {} and HTTP headers {"HTTP_REFERER"=>"//root"}
REQUESTING PAGE: GET //root/about/help with {} and HTTP headers {"HTTP_REFERER"=>"//root/about"}
REQUESTING PAGE: GET / with {} and HTTP headers {}
REQUESTING PAGE: GET //root with {} and HTTP headers {"HTTP_REFERER"=>"/"}
REQUESTING PAGE: GET //root/about with {} and HTTP headers {"HTTP_REFERER"=>"//root"}
REQUESTING PAGE: GET / with {} and HTTP headers {"HTTP_REFERER"=>"//root/about"}
REQUESTING PAGE: GET //help with {} and HTTP headers {"HTTP_REFERER"=>"/"}
REQUESTING PAGE: GET / with {} and HTTP headers {}
REQUESTING PAGE: GET //root with {} and HTTP headers {"HTTP_REFERER"=>"/"}
REQUESTING PAGE: GET //root/about with {} and HTTP headers {"HTTP_REFERER"=>"//root"}
REQUESTING PAGE: GET //root/about/root with {} and HTTP headers {"HTTP_REFERER"=>"//root/about"}
REQUESTING PAGE: GET / with {} and HTTP headers {}
REQUESTING PAGE: GET //root with {} and HTTP headers {"HTTP_REFERER"=>"/"}
REQUESTING PAGE: GET //root/about with {} and HTTP headers {"HTTP_REFERER"=>"//root"}
REQUESTING PAGE: GET / with {} and HTTP headers {"HTTP_REFERER"=>"//root/about"}
REQUESTING PAGE: GET //root with {} and HTTP headers {"HTTP_REFERER"=>"/"}
REQUESTING PAGE: GET //root/help with {} and HTTP headers {"HTTP_REFERER"=>"//root"}
REQUESTING PAGE: GET / with {} and HTTP headers {"HTTP_REFERER"=>"//root/help"}
REQUESTING PAGE: GET //contact with {} and HTTP headers {"HTTP_REFERER"=>"/"}
REQUESTING PAGE: GET / with {} and HTTP headers {}
REQUESTING PAGE: GET //root with {} and HTTP headers {"HTTP_REFERER"=>"/"}
REQUESTING PAGE: GET //root/about with {} and HTTP headers {"HTTP_REFERER"=>"//root"}
REQUESTING PAGE: GET / with {} and HTTP headers {"HTTP_REFERER"=>"//root/about"}
REQUESTING PAGE: GET //root with {} and HTTP headers {"HTTP_REFERER"=>"/"}
REQUESTING PAGE: GET //root/help with {} and HTTP headers {"HTTP_REFERER"=>"//root"}
REQUESTING PAGE: GET //root/help/root with {} and HTTP headers {"HTTP_REFERER"=>"//root/help"}
